{"/home/monaco/codecrypto/demo-vanilla-calculator/demo-react-calculator/src/App.jsx": {"path":"/home/monaco/codecrypto/demo-vanilla-calculator/demo-react-calculator/src/App.jsx","all":false,"statementMap":{"0":{"start":{"line":1,"column":0},"end":{"line":1,"column":63}},"1":{"start":{"line":2,"column":0},"end":{"line":2,"column":48}},"2":{"start":{"line":3,"column":0},"end":{"line":3,"column":18}},"4":{"start":{"line":5,"column":0},"end":{"line":5,"column":16}},"5":{"start":{"line":6,"column":0},"end":{"line":6,"column":44}},"6":{"start":{"line":7,"column":0},"end":{"line":7,"column":9}},"7":{"start":{"line":8,"column":0},"end":{"line":8,"column":64}},"8":{"start":{"line":9,"column":0},"end":{"line":9,"column":21}},"9":{"start":{"line":10,"column":0},"end":{"line":10,"column":77}},"10":{"start":{"line":11,"column":0},"end":{"line":11,"column":20}},"11":{"start":{"line":12,"column":0},"end":{"line":12,"column":5}},"12":{"start":{"line":13,"column":0},"end":{"line":13,"column":4}},"14":{"start":{"line":15,"column":0},"end":{"line":15,"column":41}},"15":{"start":{"line":16,"column":0},"end":{"line":16,"column":57}},"16":{"start":{"line":17,"column":0},"end":{"line":17,"column":22}},"17":{"start":{"line":18,"column":0},"end":{"line":18,"column":9}},"18":{"start":{"line":19,"column":0},"end":{"line":19,"column":56}},"19":{"start":{"line":20,"column":0},"end":{"line":20,"column":21}},"20":{"start":{"line":21,"column":0},"end":{"line":21,"column":66}},"21":{"start":{"line":22,"column":0},"end":{"line":22,"column":5}},"22":{"start":{"line":23,"column":0},"end":{"line":23,"column":13}},"24":{"start":{"line":25,"column":0},"end":{"line":25,"column":19}},"25":{"start":{"line":26,"column":0},"end":{"line":26,"column":62}},"26":{"start":{"line":27,"column":0},"end":{"line":27,"column":13}},"28":{"start":{"line":29,"column":0},"end":{"line":29,"column":10}},"29":{"start":{"line":30,"column":0},"end":{"line":30,"column":25}},"30":{"start":{"line":31,"column":0},"end":{"line":31,"column":62}},"31":{"start":{"line":32,"column":0},"end":{"line":32,"column":10}},"33":{"start":{"line":34,"column":0},"end":{"line":34,"column":1}},"35":{"start":{"line":36,"column":0},"end":{"line":36,"column":18}}},"s":{"0":1,"1":1,"2":1,"4":49,"5":49,"6":44,"7":44,"8":44,"9":1,"10":1,"11":1,"12":49,"14":49,"15":4,"16":4,"17":4,"18":4,"19":4,"20":0,"21":0,"22":49,"24":49,"25":48,"26":49,"28":49,"29":49,"30":49,"31":49,"33":49,"35":1},"branchMap":{"0":{"type":"branch","line":5,"loc":{"start":{"line":5,"column":0},"end":{"line":34,"column":1}},"locations":[{"start":{"line":5,"column":0},"end":{"line":34,"column":1}}]},"1":{"type":"branch","line":6,"loc":{"start":{"line":6,"column":37},"end":{"line":13,"column":3}},"locations":[{"start":{"line":6,"column":37},"end":{"line":13,"column":3}}]},"2":{"type":"branch","line":8,"loc":{"start":{"line":8,"column":52},"end":{"line":8,"column":64}},"locations":[{"start":{"line":8,"column":52},"end":{"line":8,"column":64}}]},"3":{"type":"branch","line":9,"loc":{"start":{"line":9,"column":4},"end":{"line":12,"column":5}},"locations":[{"start":{"line":9,"column":4},"end":{"line":12,"column":5}}]},"4":{"type":"branch","line":15,"loc":{"start":{"line":15,"column":34},"end":{"line":23,"column":5}},"locations":[{"start":{"line":15,"column":34},"end":{"line":23,"column":5}}]},"5":{"type":"branch","line":16,"loc":{"start":{"line":16,"column":31},"end":{"line":16,"column":50}},"locations":[{"start":{"line":16,"column":31},"end":{"line":16,"column":50}}]},"6":{"type":"branch","line":16,"loc":{"start":{"line":16,"column":41},"end":{"line":16,"column":57}},"locations":[{"start":{"line":16,"column":41},"end":{"line":16,"column":57}}]},"7":{"type":"branch","line":20,"loc":{"start":{"line":20,"column":4},"end":{"line":22,"column":5}},"locations":[{"start":{"line":20,"column":4},"end":{"line":22,"column":5}}]},"8":{"type":"branch","line":25,"loc":{"start":{"line":25,"column":12},"end":{"line":27,"column":5}},"locations":[{"start":{"line":25,"column":12},"end":{"line":27,"column":5}}]}},"b":{"0":[49],"1":[44],"2":[1],"3":[1],"4":[4],"5":[3],"6":[1],"7":[0],"8":[48]},"fnMap":{"0":{"name":"App","decl":{"start":{"line":5,"column":0},"end":{"line":34,"column":1}},"loc":{"start":{"line":5,"column":0},"end":{"line":34,"column":1}},"line":5}},"f":{"0":49}}
,"/home/monaco/codecrypto/demo-vanilla-calculator/demo-react-calculator/src/main.jsx": {"path":"/home/monaco/codecrypto/demo-vanilla-calculator/demo-react-calculator/src/main.jsx","all":true,"statementMap":{"0":{"start":{"line":1,"column":0},"end":{"line":1,"column":25}},"1":{"start":{"line":2,"column":0},"end":{"line":2,"column":39}},"2":{"start":{"line":3,"column":0},"end":{"line":3,"column":27}},"3":{"start":{"line":4,"column":0},"end":{"line":4,"column":20}},"5":{"start":{"line":6,"column":0},"end":{"line":6,"column":60}},"6":{"start":{"line":7,"column":0},"end":{"line":7,"column":20}},"7":{"start":{"line":8,"column":0},"end":{"line":8,"column":11}},"8":{"start":{"line":9,"column":0},"end":{"line":9,"column":22}},"9":{"start":{"line":10,"column":0},"end":{"line":10,"column":1}}},"s":{"0":0,"1":0,"2":0,"3":0,"5":0,"6":0,"7":0,"8":0,"9":0},"branchMap":{"0":{"type":"branch","line":1,"loc":{"start":{"line":1,"column":234},"end":{"line":10,"column":1}},"locations":[{"start":{"line":1,"column":234},"end":{"line":10,"column":1}}]}},"b":{"0":[0]},"fnMap":{"0":{"name":"(empty-report)","decl":{"start":{"line":1,"column":234},"end":{"line":10,"column":1}},"loc":{"start":{"line":1,"column":234},"end":{"line":10,"column":1}},"line":1}},"f":{"0":0}}
,"/home/monaco/codecrypto/demo-vanilla-calculator/demo-react-calculator/src/components/Button.jsx": {"path":"/home/monaco/codecrypto/demo-vanilla-calculator/demo-react-calculator/src/components/Button.jsx","all":false,"statementMap":{"0":{"start":{"line":1,"column":0},"end":{"line":1,"column":25}},"2":{"start":{"line":3,"column":0},"end":{"line":3,"column":18}},"3":{"start":{"line":4,"column":0},"end":{"line":4,"column":8}},"4":{"start":{"line":5,"column":0},"end":{"line":5,"column":9}},"5":{"start":{"line":6,"column":0},"end":{"line":6,"column":13}},"6":{"start":{"line":7,"column":0},"end":{"line":7,"column":11}},"7":{"start":{"line":8,"column":0},"end":{"line":8,"column":18}},"8":{"start":{"line":9,"column":0},"end":{"line":9,"column":20}},"9":{"start":{"line":10,"column":0},"end":{"line":10,"column":22}},"10":{"start":{"line":11,"column":0},"end":{"line":11,"column":8}},"11":{"start":{"line":12,"column":0},"end":{"line":12,"column":7}},"12":{"start":{"line":13,"column":0},"end":{"line":13,"column":32}},"13":{"start":{"line":14,"column":0},"end":{"line":14,"column":25}},"15":{"start":{"line":16,"column":0},"end":{"line":16,"column":28}},"16":{"start":{"line":17,"column":0},"end":{"line":17,"column":32}},"17":{"start":{"line":18,"column":0},"end":{"line":18,"column":42}},"18":{"start":{"line":19,"column":0},"end":{"line":19,"column":37}},"19":{"start":{"line":20,"column":0},"end":{"line":20,"column":34}},"20":{"start":{"line":21,"column":0},"end":{"line":21,"column":35}},"21":{"start":{"line":22,"column":0},"end":{"line":22,"column":21}},"22":{"start":{"line":23,"column":0},"end":{"line":23,"column":34}},"23":{"start":{"line":24,"column":0},"end":{"line":24,"column":66}},"24":{"start":{"line":25,"column":0},"end":{"line":25,"column":46}},"25":{"start":{"line":26,"column":0},"end":{"line":26,"column":14}},"26":{"start":{"line":27,"column":0},"end":{"line":27,"column":36}},"27":{"start":{"line":28,"column":0},"end":{"line":28,"column":7}},"28":{"start":{"line":29,"column":0},"end":{"line":29,"column":5}},"30":{"start":{"line":31,"column":0},"end":{"line":31,"column":20}},"31":{"start":{"line":32,"column":0},"end":{"line":32,"column":3}},"33":{"start":{"line":34,"column":0},"end":{"line":34,"column":10}},"34":{"start":{"line":35,"column":0},"end":{"line":35,"column":11}},"35":{"start":{"line":36,"column":0},"end":{"line":36,"column":34}},"36":{"start":{"line":37,"column":0},"end":{"line":37,"column":23}},"37":{"start":{"line":38,"column":0},"end":{"line":38,"column":28}},"38":{"start":{"line":39,"column":0},"end":{"line":39,"column":19}},"40":{"start":{"line":41,"column":0},"end":{"line":41,"column":22}},"41":{"start":{"line":42,"column":0},"end":{"line":42,"column":48}},"43":{"start":{"line":44,"column":0},"end":{"line":44,"column":13}},"45":{"start":{"line":46,"column":0},"end":{"line":46,"column":13}},"47":{"start":{"line":48,"column":0},"end":{"line":48,"column":1}},"49":{"start":{"line":50,"column":0},"end":{"line":50,"column":21}}},"s":{"0":1,"2":1,"3":6164,"4":6164,"5":6164,"6":6164,"7":6164,"8":6164,"9":6164,"10":6164,"11":6164,"12":6164,"13":6164,"15":6164,"16":3243,"17":3243,"18":6164,"19":1297,"20":2921,"21":1624,"22":325,"23":1624,"24":650,"25":651,"26":649,"27":649,"28":1624,"30":6164,"31":6164,"33":6164,"34":6164,"35":6164,"36":6164,"37":6164,"38":6164,"40":6164,"41":325,"43":5839,"45":6164,"47":6164,"49":1},"branchMap":{"0":{"type":"branch","line":3,"loc":{"start":{"line":3,"column":15},"end":{"line":48,"column":1}},"locations":[{"start":{"line":3,"column":15},"end":{"line":48,"column":1}}]},"1":{"type":"branch","line":41,"loc":{"start":{"line":41,"column":7},"end":{"line":42,"column":48}},"locations":[{"start":{"line":41,"column":7},"end":{"line":42,"column":48}}]},"2":{"type":"branch","line":42,"loc":{"start":{"line":42,"column":41},"end":{"line":44,"column":13}},"locations":[{"start":{"line":42,"column":41},"end":{"line":44,"column":13}}]},"3":{"type":"branch","line":13,"loc":{"start":{"line":13,"column":25},"end":{"line":32,"column":3}},"locations":[{"start":{"line":13,"column":25},"end":{"line":32,"column":3}}]},"4":{"type":"branch","line":16,"loc":{"start":{"line":16,"column":27},"end":{"line":19,"column":15}},"locations":[{"start":{"line":16,"column":27},"end":{"line":19,"column":15}}]},"5":{"type":"branch","line":18,"loc":{"start":{"line":18,"column":18},"end":{"line":18,"column":42}},"locations":[{"start":{"line":18,"column":18},"end":{"line":18,"column":42}}]},"6":{"type":"branch","line":19,"loc":{"start":{"line":19,"column":4},"end":{"line":29,"column":5}},"locations":[{"start":{"line":19,"column":4},"end":{"line":29,"column":5}}]},"7":{"type":"branch","line":19,"loc":{"start":{"line":19,"column":36},"end":{"line":21,"column":15}},"locations":[{"start":{"line":19,"column":36},"end":{"line":21,"column":15}}]},"8":{"type":"branch","line":21,"loc":{"start":{"line":21,"column":4},"end":{"line":29,"column":5}},"locations":[{"start":{"line":21,"column":4},"end":{"line":29,"column":5}}]},"9":{"type":"branch","line":22,"loc":{"start":{"line":22,"column":20},"end":{"line":24,"column":17}},"locations":[{"start":{"line":22,"column":20},"end":{"line":24,"column":17}}]},"10":{"type":"branch","line":24,"loc":{"start":{"line":24,"column":6},"end":{"line":28,"column":7}},"locations":[{"start":{"line":24,"column":6},"end":{"line":28,"column":7}}]},"11":{"type":"branch","line":24,"loc":{"start":{"line":24,"column":28},"end":{"line":24,"column":65}},"locations":[{"start":{"line":24,"column":28},"end":{"line":24,"column":65}}]},"12":{"type":"branch","line":24,"loc":{"start":{"line":24,"column":65},"end":{"line":28,"column":7}},"locations":[{"start":{"line":24,"column":65},"end":{"line":28,"column":7}}]},"13":{"type":"branch","line":24,"loc":{"start":{"line":24,"column":65},"end":{"line":26,"column":13}},"locations":[{"start":{"line":24,"column":65},"end":{"line":26,"column":13}}]},"14":{"type":"branch","line":26,"loc":{"start":{"line":26,"column":6},"end":{"line":28,"column":7}},"locations":[{"start":{"line":26,"column":6},"end":{"line":28,"column":7}}]}},"b":{"0":[6164],"1":[325],"2":[5839],"3":[6164],"4":[3243],"5":[325],"6":[2921],"7":[1297],"8":[1624],"9":[325],"10":[1299],"11":[974],"12":[651],"13":[650],"14":[649]},"fnMap":{"0":{"name":"Button","decl":{"start":{"line":3,"column":15},"end":{"line":48,"column":1}},"loc":{"start":{"line":3,"column":15},"end":{"line":48,"column":1}},"line":3},"1":{"name":"getButtonClass","decl":{"start":{"line":13,"column":25},"end":{"line":32,"column":3}},"loc":{"start":{"line":13,"column":25},"end":{"line":32,"column":3}},"line":13}},"f":{"0":6164,"1":6164}}
,"/home/monaco/codecrypto/demo-vanilla-calculator/demo-react-calculator/src/components/Calculator.jsx": {"path":"/home/monaco/codecrypto/demo-vanilla-calculator/demo-react-calculator/src/components/Calculator.jsx","all":false,"statementMap":{"0":{"start":{"line":1,"column":0},"end":{"line":1,"column":63}},"1":{"start":{"line":2,"column":0},"end":{"line":2,"column":51}},"2":{"start":{"line":3,"column":0},"end":{"line":3,"column":51}},"3":{"start":{"line":4,"column":0},"end":{"line":4,"column":39}},"5":{"start":{"line":6,"column":0},"end":{"line":6,"column":50}},"7":{"start":{"line":8,"column":0},"end":{"line":8,"column":55}},"8":{"start":{"line":9,"column":0},"end":{"line":9,"column":58}},"9":{"start":{"line":10,"column":0},"end":{"line":10,"column":48}},"10":{"start":{"line":11,"column":0},"end":{"line":11,"column":67}},"11":{"start":{"line":12,"column":0},"end":{"line":12,"column":47}},"12":{"start":{"line":13,"column":0},"end":{"line":13,"column":53}},"13":{"start":{"line":14,"column":0},"end":{"line":14,"column":55}},"15":{"start":{"line":16,"column":0},"end":{"line":16,"column":22}},"18":{"start":{"line":19,"column":0},"end":{"line":19,"column":48}},"19":{"start":{"line":20,"column":0},"end":{"line":20,"column":28}},"20":{"start":{"line":21,"column":0},"end":{"line":21,"column":20}},"21":{"start":{"line":22,"column":0},"end":{"line":22,"column":5}},"24":{"start":{"line":25,"column":0},"end":{"line":25,"column":54}},"25":{"start":{"line":26,"column":0},"end":{"line":26,"column":36}},"26":{"start":{"line":27,"column":0},"end":{"line":27,"column":5}},"29":{"start":{"line":30,"column":0},"end":{"line":30,"column":76}},"32":{"start":{"line":33,"column":0},"end":{"line":33,"column":38}},"35":{"start":{"line":36,"column":0},"end":{"line":36,"column":34}},"36":{"start":{"line":37,"column":0},"end":{"line":37,"column":49}},"37":{"start":{"line":38,"column":0},"end":{"line":38,"column":5}},"40":{"start":{"line":41,"column":0},"end":{"line":41,"column":39}},"41":{"start":{"line":42,"column":0},"end":{"line":42,"column":66}},"42":{"start":{"line":43,"column":0},"end":{"line":43,"column":62}},"44":{"start":{"line":45,"column":0},"end":{"line":45,"column":34}},"45":{"start":{"line":46,"column":0},"end":{"line":46,"column":76}},"46":{"start":{"line":47,"column":0},"end":{"line":47,"column":14}},"47":{"start":{"line":48,"column":0},"end":{"line":48,"column":50}},"48":{"start":{"line":49,"column":0},"end":{"line":49,"column":7}},"49":{"start":{"line":50,"column":0},"end":{"line":50,"column":5}},"51":{"start":{"line":52,"column":0},"end":{"line":52,"column":20}},"52":{"start":{"line":53,"column":0},"end":{"line":53,"column":17}},"55":{"start":{"line":56,"column":0},"end":{"line":56,"column":46}},"56":{"start":{"line":57,"column":0},"end":{"line":57,"column":49}},"57":{"start":{"line":58,"column":0},"end":{"line":58,"column":20}},"60":{"start":{"line":61,"column":0},"end":{"line":61,"column":46}},"61":{"start":{"line":62,"column":0},"end":{"line":62,"column":20}},"62":{"start":{"line":63,"column":0},"end":{"line":63,"column":28}},"65":{"start":{"line":66,"column":0},"end":{"line":66,"column":22}},"66":{"start":{"line":67,"column":0},"end":{"line":67,"column":23}},"67":{"start":{"line":68,"column":0},"end":{"line":68,"column":26}},"68":{"start":{"line":69,"column":0},"end":{"line":69,"column":28}},"69":{"start":{"line":70,"column":0},"end":{"line":70,"column":23}},"70":{"start":{"line":71,"column":0},"end":{"line":71,"column":33}},"71":{"start":{"line":72,"column":0},"end":{"line":72,"column":26}},"72":{"start":{"line":73,"column":0},"end":{"line":73,"column":25}},"73":{"start":{"line":74,"column":0},"end":{"line":74,"column":12}},"74":{"start":{"line":75,"column":0},"end":{"line":75,"column":8}},"77":{"start":{"line":78,"column":0},"end":{"line":78,"column":35}},"78":{"start":{"line":79,"column":0},"end":{"line":79,"column":24}},"79":{"start":{"line":80,"column":0},"end":{"line":80,"column":26}},"80":{"start":{"line":81,"column":0},"end":{"line":81,"column":21}},"81":{"start":{"line":82,"column":0},"end":{"line":82,"column":31}},"82":{"start":{"line":83,"column":0},"end":{"line":83,"column":21}},"83":{"start":{"line":84,"column":0},"end":{"line":84,"column":24}},"84":{"start":{"line":85,"column":0},"end":{"line":85,"column":23}},"85":{"start":{"line":86,"column":0},"end":{"line":86,"column":8}},"88":{"start":{"line":89,"column":0},"end":{"line":89,"column":40}},"89":{"start":{"line":90,"column":0},"end":{"line":90,"column":24}},"90":{"start":{"line":91,"column":0},"end":{"line":91,"column":24}},"91":{"start":{"line":92,"column":0},"end":{"line":92,"column":23}},"92":{"start":{"line":93,"column":0},"end":{"line":93,"column":8}},"95":{"start":{"line":96,"column":0},"end":{"line":96,"column":39}},"96":{"start":{"line":97,"column":0},"end":{"line":97,"column":18}},"97":{"start":{"line":98,"column":0},"end":{"line":98,"column":13}},"98":{"start":{"line":99,"column":0},"end":{"line":99,"column":12}},"99":{"start":{"line":100,"column":0},"end":{"line":100,"column":5}},"101":{"start":{"line":102,"column":0},"end":{"line":102,"column":34}},"102":{"start":{"line":103,"column":0},"end":{"line":103,"column":45}},"103":{"start":{"line":104,"column":0},"end":{"line":104,"column":48}},"104":{"start":{"line":105,"column":0},"end":{"line":105,"column":31}},"106":{"start":{"line":107,"column":0},"end":{"line":107,"column":29}},"107":{"start":{"line":108,"column":0},"end":{"line":108,"column":28}},"108":{"start":{"line":109,"column":0},"end":{"line":109,"column":27}},"109":{"start":{"line":110,"column":0},"end":{"line":110,"column":30}},"110":{"start":{"line":111,"column":0},"end":{"line":111,"column":56}},"111":{"start":{"line":112,"column":0},"end":{"line":112,"column":7}},"112":{"start":{"line":113,"column":0},"end":{"line":113,"column":12}},"113":{"start":{"line":114,"column":0},"end":{"line":114,"column":26}},"114":{"start":{"line":115,"column":0},"end":{"line":115,"column":26}},"115":{"start":{"line":116,"column":0},"end":{"line":116,"column":25}},"116":{"start":{"line":117,"column":0},"end":{"line":117,"column":5}},"117":{"start":{"line":118,"column":0},"end":{"line":118,"column":63}},"120":{"start":{"line":121,"column":0},"end":{"line":121,"column":47}},"121":{"start":{"line":122,"column":0},"end":{"line":122,"column":18}},"122":{"start":{"line":123,"column":0},"end":{"line":123,"column":13}},"123":{"start":{"line":124,"column":0},"end":{"line":124,"column":5}},"125":{"start":{"line":126,"column":0},"end":{"line":126,"column":28}},"126":{"start":{"line":127,"column":0},"end":{"line":127,"column":29}},"127":{"start":{"line":128,"column":0},"end":{"line":128,"column":33}},"128":{"start":{"line":129,"column":0},"end":{"line":129,"column":26}},"129":{"start":{"line":130,"column":0},"end":{"line":130,"column":25}},"130":{"start":{"line":131,"column":0},"end":{"line":131,"column":12}},"131":{"start":{"line":132,"column":0},"end":{"line":132,"column":33}},"132":{"start":{"line":133,"column":0},"end":{"line":133,"column":31}},"133":{"start":{"line":134,"column":0},"end":{"line":134,"column":50}},"134":{"start":{"line":135,"column":0},"end":{"line":135,"column":46}},"135":{"start":{"line":136,"column":0},"end":{"line":136,"column":7}},"136":{"start":{"line":137,"column":0},"end":{"line":137,"column":5}},"137":{"start":{"line":138,"column":0},"end":{"line":138,"column":84}},"140":{"start":{"line":141,"column":0},"end":{"line":141,"column":42}},"141":{"start":{"line":142,"column":0},"end":{"line":142,"column":18}},"142":{"start":{"line":143,"column":0},"end":{"line":143,"column":13}},"143":{"start":{"line":144,"column":0},"end":{"line":144,"column":5}},"145":{"start":{"line":146,"column":0},"end":{"line":146,"column":28}},"146":{"start":{"line":147,"column":0},"end":{"line":147,"column":27}},"147":{"start":{"line":148,"column":0},"end":{"line":148,"column":33}},"148":{"start":{"line":149,"column":0},"end":{"line":149,"column":25}},"149":{"start":{"line":150,"column":0},"end":{"line":150,"column":25}},"150":{"start":{"line":151,"column":0},"end":{"line":151,"column":63}},"151":{"start":{"line":152,"column":0},"end":{"line":152,"column":41}},"152":{"start":{"line":153,"column":0},"end":{"line":153,"column":25}},"153":{"start":{"line":154,"column":0},"end":{"line":154,"column":5}},"154":{"start":{"line":155,"column":0},"end":{"line":155,"column":82}},"157":{"start":{"line":158,"column":0},"end":{"line":158,"column":45}},"158":{"start":{"line":159,"column":0},"end":{"line":159,"column":18}},"159":{"start":{"line":160,"column":0},"end":{"line":160,"column":12}},"160":{"start":{"line":161,"column":0},"end":{"line":161,"column":5}},"162":{"start":{"line":163,"column":0},"end":{"line":163,"column":47}},"164":{"start":{"line":165,"column":0},"end":{"line":165,"column":33}},"165":{"start":{"line":166,"column":0},"end":{"line":166,"column":34}},"166":{"start":{"line":167,"column":0},"end":{"line":167,"column":26}},"167":{"start":{"line":168,"column":0},"end":{"line":168,"column":32}},"168":{"start":{"line":169,"column":0},"end":{"line":169,"column":28}},"169":{"start":{"line":170,"column":0},"end":{"line":170,"column":45}},"170":{"start":{"line":171,"column":0},"end":{"line":171,"column":32}},"171":{"start":{"line":172,"column":0},"end":{"line":172,"column":7}},"172":{"start":{"line":173,"column":0},"end":{"line":173,"column":12}},"173":{"start":{"line":174,"column":0},"end":{"line":174,"column":34}},"174":{"start":{"line":175,"column":0},"end":{"line":175,"column":5}},"176":{"start":{"line":177,"column":0},"end":{"line":177,"column":30}},"177":{"start":{"line":178,"column":0},"end":{"line":178,"column":19}},"178":{"start":{"line":179,"column":0},"end":{"line":179,"column":68}},"181":{"start":{"line":182,"column":0},"end":{"line":182,"column":39}},"182":{"start":{"line":183,"column":0},"end":{"line":183,"column":65}},"183":{"start":{"line":184,"column":0},"end":{"line":184,"column":17}},"184":{"start":{"line":185,"column":0},"end":{"line":185,"column":5}},"186":{"start":{"line":187,"column":0},"end":{"line":187,"column":30}},"187":{"start":{"line":188,"column":0},"end":{"line":188,"column":44}},"188":{"start":{"line":189,"column":0},"end":{"line":189,"column":14}},"190":{"start":{"line":191,"column":0},"end":{"line":191,"column":9}},"191":{"start":{"line":192,"column":0},"end":{"line":192,"column":25}},"192":{"start":{"line":193,"column":0},"end":{"line":193,"column":17}},"193":{"start":{"line":194,"column":0},"end":{"line":194,"column":33}},"194":{"start":{"line":195,"column":0},"end":{"line":195,"column":15}},"195":{"start":{"line":196,"column":0},"end":{"line":196,"column":17}},"196":{"start":{"line":197,"column":0},"end":{"line":197,"column":33}},"197":{"start":{"line":198,"column":0},"end":{"line":198,"column":15}},"198":{"start":{"line":199,"column":0},"end":{"line":199,"column":17}},"199":{"start":{"line":200,"column":0},"end":{"line":200,"column":33}},"200":{"start":{"line":201,"column":0},"end":{"line":201,"column":15}},"201":{"start":{"line":202,"column":0},"end":{"line":202,"column":17}},"202":{"start":{"line":203,"column":0},"end":{"line":203,"column":30}},"203":{"start":{"line":204,"column":0},"end":{"line":204,"column":46}},"204":{"start":{"line":205,"column":0},"end":{"line":205,"column":23}},"205":{"start":{"line":206,"column":0},"end":{"line":206,"column":11}},"206":{"start":{"line":207,"column":0},"end":{"line":207,"column":33}},"207":{"start":{"line":208,"column":0},"end":{"line":208,"column":15}},"208":{"start":{"line":209,"column":0},"end":{"line":209,"column":16}},"209":{"start":{"line":210,"column":0},"end":{"line":210,"column":21}},"210":{"start":{"line":211,"column":0},"end":{"line":211,"column":7}},"213":{"start":{"line":214,"column":0},"end":{"line":214,"column":30}},"214":{"start":{"line":215,"column":0},"end":{"line":215,"column":29}},"215":{"start":{"line":216,"column":0},"end":{"line":216,"column":19}},"216":{"start":{"line":217,"column":0},"end":{"line":217,"column":7}},"218":{"start":{"line":219,"column":0},"end":{"line":219,"column":50}},"219":{"start":{"line":220,"column":0},"end":{"line":220,"column":38}},"220":{"start":{"line":221,"column":0},"end":{"line":221,"column":28}},"221":{"start":{"line":222,"column":0},"end":{"line":222,"column":23}},"222":{"start":{"line":223,"column":0},"end":{"line":223,"column":32}},"223":{"start":{"line":224,"column":0},"end":{"line":224,"column":50}},"224":{"start":{"line":225,"column":0},"end":{"line":225,"column":96}},"226":{"start":{"line":227,"column":0},"end":{"line":227,"column":19}},"227":{"start":{"line":228,"column":0},"end":{"line":228,"column":21}},"228":{"start":{"line":229,"column":0},"end":{"line":229,"column":24}},"229":{"start":{"line":230,"column":0},"end":{"line":230,"column":17}},"230":{"start":{"line":231,"column":0},"end":{"line":231,"column":5}},"231":{"start":{"line":232,"column":0},"end":{"line":232,"column":79}},"234":{"start":{"line":235,"column":0},"end":{"line":235,"column":49}},"235":{"start":{"line":236,"column":0},"end":{"line":236,"column":26}},"237":{"start":{"line":238,"column":0},"end":{"line":238,"column":25}},"238":{"start":{"line":239,"column":0},"end":{"line":239,"column":33}},"241":{"start":{"line":242,"column":0},"end":{"line":242,"column":35}},"242":{"start":{"line":243,"column":0},"end":{"line":243,"column":22}},"243":{"start":{"line":244,"column":0},"end":{"line":244,"column":12}},"244":{"start":{"line":245,"column":0},"end":{"line":245,"column":5}},"247":{"start":{"line":248,"column":0},"end":{"line":248,"column":18}},"248":{"start":{"line":249,"column":0},"end":{"line":249,"column":15}},"249":{"start":{"line":250,"column":0},"end":{"line":250,"column":26}},"250":{"start":{"line":251,"column":0},"end":{"line":251,"column":13}},"251":{"start":{"line":252,"column":0},"end":{"line":252,"column":15}},"252":{"start":{"line":253,"column":0},"end":{"line":253,"column":26}},"253":{"start":{"line":254,"column":0},"end":{"line":254,"column":13}},"254":{"start":{"line":255,"column":0},"end":{"line":255,"column":15}},"255":{"start":{"line":256,"column":0},"end":{"line":256,"column":26}},"256":{"start":{"line":257,"column":0},"end":{"line":257,"column":13}},"257":{"start":{"line":258,"column":0},"end":{"line":258,"column":15}},"258":{"start":{"line":259,"column":0},"end":{"line":259,"column":26}},"259":{"start":{"line":260,"column":0},"end":{"line":260,"column":13}},"260":{"start":{"line":261,"column":0},"end":{"line":261,"column":15}},"261":{"start":{"line":262,"column":0},"end":{"line":262,"column":19}},"262":{"start":{"line":263,"column":0},"end":{"line":263,"column":19}},"263":{"start":{"line":264,"column":0},"end":{"line":264,"column":13}},"264":{"start":{"line":265,"column":0},"end":{"line":265,"column":15}},"265":{"start":{"line":266,"column":0},"end":{"line":266,"column":22}},"266":{"start":{"line":267,"column":0},"end":{"line":267,"column":13}},"267":{"start":{"line":268,"column":0},"end":{"line":268,"column":20}},"268":{"start":{"line":269,"column":0},"end":{"line":269,"column":15}},"269":{"start":{"line":270,"column":0},"end":{"line":270,"column":13}},"270":{"start":{"line":271,"column":0},"end":{"line":271,"column":23}},"271":{"start":{"line":272,"column":0},"end":{"line":272,"column":20}},"272":{"start":{"line":273,"column":0},"end":{"line":273,"column":19}},"273":{"start":{"line":274,"column":0},"end":{"line":274,"column":13}},"274":{"start":{"line":275,"column":0},"end":{"line":275,"column":5}},"277":{"start":{"line":278,"column":0},"end":{"line":278,"column":37}},"278":{"start":{"line":279,"column":0},"end":{"line":279,"column":17}},"279":{"start":{"line":280,"column":0},"end":{"line":280,"column":42}},"280":{"start":{"line":281,"column":0},"end":{"line":281,"column":18}},"281":{"start":{"line":282,"column":0},"end":{"line":282,"column":5}},"282":{"start":{"line":283,"column":0},"end":{"line":283,"column":89}},"285":{"start":{"line":286,"column":0},"end":{"line":286,"column":19}},"286":{"start":{"line":287,"column":0},"end":{"line":287,"column":56}},"287":{"start":{"line":288,"column":0},"end":{"line":288,"column":18}},"288":{"start":{"line":289,"column":0},"end":{"line":289,"column":61}},"289":{"start":{"line":290,"column":0},"end":{"line":290,"column":5}},"290":{"start":{"line":291,"column":0},"end":{"line":291,"column":22}},"293":{"start":{"line":294,"column":0},"end":{"line":294,"column":37}},"294":{"start":{"line":295,"column":0},"end":{"line":295,"column":45}},"295":{"start":{"line":296,"column":0},"end":{"line":296,"column":46}},"296":{"start":{"line":297,"column":0},"end":{"line":297,"column":34}},"297":{"start":{"line":298,"column":0},"end":{"line":298,"column":5}},"298":{"start":{"line":299,"column":0},"end":{"line":299,"column":13}},"299":{"start":{"line":300,"column":0},"end":{"line":300,"column":3}},"301":{"start":{"line":302,"column":0},"end":{"line":302,"column":10}},"302":{"start":{"line":303,"column":0},"end":{"line":303,"column":42}},"303":{"start":{"line":304,"column":0},"end":{"line":304,"column":44}},"304":{"start":{"line":305,"column":0},"end":{"line":305,"column":56}},"305":{"start":{"line":306,"column":0},"end":{"line":306,"column":62}},"306":{"start":{"line":307,"column":0},"end":{"line":307,"column":15}},"308":{"start":{"line":309,"column":0},"end":{"line":309,"column":40}},"309":{"start":{"line":310,"column":0},"end":{"line":310,"column":27}},"310":{"start":{"line":311,"column":0},"end":{"line":311,"column":37}},"311":{"start":{"line":312,"column":0},"end":{"line":312,"column":50}},"312":{"start":{"line":313,"column":0},"end":{"line":313,"column":27}},"313":{"start":{"line":314,"column":0},"end":{"line":314,"column":10}},"315":{"start":{"line":316,"column":0},"end":{"line":316,"column":26}},"316":{"start":{"line":317,"column":0},"end":{"line":317,"column":37}},"317":{"start":{"line":318,"column":0},"end":{"line":318,"column":41}},"318":{"start":{"line":319,"column":0},"end":{"line":319,"column":26}},"319":{"start":{"line":320,"column":0},"end":{"line":320,"column":18}},"320":{"start":{"line":321,"column":0},"end":{"line":321,"column":38}},"321":{"start":{"line":322,"column":0},"end":{"line":322,"column":22}},"322":{"start":{"line":323,"column":0},"end":{"line":323,"column":34}},"323":{"start":{"line":324,"column":0},"end":{"line":324,"column":29}},"324":{"start":{"line":325,"column":0},"end":{"line":325,"column":12}},"325":{"start":{"line":326,"column":0},"end":{"line":326,"column":10}},"326":{"start":{"line":327,"column":0},"end":{"line":327,"column":13}},"328":{"start":{"line":329,"column":0},"end":{"line":329,"column":44}},"329":{"start":{"line":330,"column":0},"end":{"line":330,"column":39}},"330":{"start":{"line":331,"column":0},"end":{"line":331,"column":55}},"331":{"start":{"line":332,"column":0},"end":{"line":332,"column":14}},"332":{"start":{"line":333,"column":0},"end":{"line":333,"column":15}},"333":{"start":{"line":334,"column":0},"end":{"line":334,"column":10}},"335":{"start":{"line":336,"column":0},"end":{"line":336,"column":1}},"337":{"start":{"line":338,"column":0},"end":{"line":338,"column":25}}},"s":{"0":1,"1":1,"2":1,"3":1,"5":1,"7":313,"8":313,"9":313,"10":313,"11":313,"12":313,"13":313,"15":313,"18":313,"19":120,"20":0,"21":0,"24":120,"25":1,"26":1,"29":119,"32":119,"35":120,"36":19,"37":19,"40":120,"41":13,"42":13,"44":13,"45":0,"46":13,"47":13,"48":13,"49":13,"51":119,"52":313,"55":313,"56":116,"57":313,"60":313,"61":5,"62":5,"65":5,"66":4,"67":4,"68":4,"69":4,"70":4,"71":4,"72":4,"73":5,"74":313,"77":313,"78":5,"79":5,"80":5,"81":5,"82":5,"83":5,"84":5,"85":313,"88":313,"89":1,"90":1,"91":1,"92":313,"95":313,"96":6,"97":0,"98":0,"99":0,"101":6,"102":4,"103":4,"104":4,"106":4,"107":0,"108":0,"109":4,"110":1,"111":1,"112":4,"113":2,"114":2,"115":2,"116":2,"117":313,"120":313,"121":178,"122":1,"123":1,"125":178,"126":27,"127":27,"128":27,"129":27,"130":178,"131":151,"132":43,"133":151,"134":105,"135":105,"136":151,"137":313,"140":313,"141":9,"142":0,"143":0,"145":9,"146":0,"147":0,"148":0,"149":0,"150":9,"151":8,"152":8,"153":8,"154":313,"157":313,"158":31,"159":0,"160":0,"162":31,"164":31,"165":27,"166":31,"167":4,"168":4,"169":4,"170":4,"171":4,"172":4,"173":0,"174":0,"176":31,"177":31,"178":313,"181":313,"182":30,"183":1,"184":1,"186":29,"187":29,"188":29,"190":29,"191":29,"192":30,"193":11,"194":11,"195":30,"196":5,"197":5,"198":30,"199":6,"200":6,"201":30,"202":7,"203":5,"204":5,"205":5,"206":2,"207":2,"208":30,"209":0,"210":30,"213":30,"214":0,"215":0,"216":0,"218":24,"219":24,"220":24,"221":24,"222":24,"223":24,"224":30,"226":30,"227":30,"228":0,"229":0,"230":0,"231":313,"234":313,"235":204,"237":204,"238":204,"241":204,"242":147,"243":147,"244":147,"247":57,"248":204,"249":9,"250":9,"251":204,"252":3,"253":3,"254":204,"255":4,"256":4,"257":204,"258":5,"259":5,"260":204,"261":204,"262":20,"263":20,"264":204,"265":7,"266":7,"267":204,"268":2,"269":2,"270":204,"271":204,"272":5,"273":5,"274":204,"277":204,"278":0,"279":204,"280":0,"281":0,"282":313,"285":313,"286":308,"287":308,"288":308,"289":308,"290":313,"293":313,"294":313,"295":92,"296":92,"297":92,"298":221,"299":313,"301":313,"302":313,"303":313,"304":313,"305":313,"306":313,"308":313,"309":313,"310":313,"311":313,"312":313,"313":313,"315":313,"316":313,"317":313,"318":313,"319":313,"320":313,"321":313,"322":313,"323":313,"324":313,"325":313,"326":313,"328":313,"329":313,"330":313,"331":313,"332":313,"333":313,"335":313,"337":1},"branchMap":{"0":{"type":"branch","line":6,"loc":{"start":{"line":6,"column":19},"end":{"line":336,"column":1}},"locations":[{"start":{"line":6,"column":19},"end":{"line":336,"column":1}}]},"1":{"type":"branch","line":19,"loc":{"start":{"line":19,"column":35},"end":{"line":53,"column":5}},"locations":[{"start":{"line":19,"column":35},"end":{"line":53,"column":5}}]},"2":{"type":"branch","line":20,"loc":{"start":{"line":20,"column":27},"end":{"line":22,"column":5}},"locations":[{"start":{"line":20,"column":27},"end":{"line":22,"column":5}}]},"3":{"type":"branch","line":25,"loc":{"start":{"line":25,"column":53},"end":{"line":27,"column":5}},"locations":[{"start":{"line":25,"column":53},"end":{"line":27,"column":5}}]},"4":{"type":"branch","line":27,"loc":{"start":{"line":27,"column":4},"end":{"line":36,"column":33}},"locations":[{"start":{"line":27,"column":4},"end":{"line":36,"column":33}}]},"5":{"type":"branch","line":36,"loc":{"start":{"line":36,"column":33},"end":{"line":38,"column":5}},"locations":[{"start":{"line":36,"column":33},"end":{"line":38,"column":5}}]},"6":{"type":"branch","line":38,"loc":{"start":{"line":38,"column":4},"end":{"line":41,"column":38}},"locations":[{"start":{"line":38,"column":4},"end":{"line":41,"column":38}}]},"7":{"type":"branch","line":41,"loc":{"start":{"line":41,"column":38},"end":{"line":50,"column":5}},"locations":[{"start":{"line":41,"column":38},"end":{"line":50,"column":5}}]},"8":{"type":"branch","line":45,"loc":{"start":{"line":45,"column":33},"end":{"line":47,"column":13}},"locations":[{"start":{"line":45,"column":33},"end":{"line":47,"column":13}}]},"9":{"type":"branch","line":50,"loc":{"start":{"line":50,"column":4},"end":{"line":52,"column":20}},"locations":[{"start":{"line":50,"column":4},"end":{"line":52,"column":20}}]},"10":{"type":"branch","line":56,"loc":{"start":{"line":56,"column":39},"end":{"line":58,"column":5}},"locations":[{"start":{"line":56,"column":39},"end":{"line":58,"column":5}}]},"11":{"type":"branch","line":61,"loc":{"start":{"line":61,"column":32},"end":{"line":75,"column":5}},"locations":[{"start":{"line":61,"column":32},"end":{"line":75,"column":5}}]},"12":{"type":"branch","line":66,"loc":{"start":{"line":66,"column":15},"end":{"line":74,"column":7}},"locations":[{"start":{"line":66,"column":15},"end":{"line":74,"column":7}}]},"13":{"type":"branch","line":78,"loc":{"start":{"line":78,"column":28},"end":{"line":86,"column":5}},"locations":[{"start":{"line":78,"column":28},"end":{"line":86,"column":5}}]},"14":{"type":"branch","line":89,"loc":{"start":{"line":89,"column":33},"end":{"line":93,"column":5}},"locations":[{"start":{"line":89,"column":33},"end":{"line":93,"column":5}}]},"15":{"type":"branch","line":96,"loc":{"start":{"line":96,"column":32},"end":{"line":118,"column":5}},"locations":[{"start":{"line":96,"column":32},"end":{"line":118,"column":5}}]},"16":{"type":"branch","line":97,"loc":{"start":{"line":97,"column":17},"end":{"line":100,"column":5}},"locations":[{"start":{"line":97,"column":17},"end":{"line":100,"column":5}}]},"17":{"type":"branch","line":102,"loc":{"start":{"line":102,"column":33},"end":{"line":117,"column":5}},"locations":[{"start":{"line":102,"column":33},"end":{"line":117,"column":5}}]},"18":{"type":"branch","line":107,"loc":{"start":{"line":107,"column":28},"end":{"line":110,"column":17}},"locations":[{"start":{"line":107,"column":28},"end":{"line":110,"column":17}}]},"19":{"type":"branch","line":110,"loc":{"start":{"line":110,"column":29},"end":{"line":112,"column":7}},"locations":[{"start":{"line":110,"column":29},"end":{"line":112,"column":7}}]},"20":{"type":"branch","line":113,"loc":{"start":{"line":113,"column":4},"end":{"line":117,"column":5}},"locations":[{"start":{"line":113,"column":4},"end":{"line":117,"column":5}}]},"21":{"type":"branch","line":121,"loc":{"start":{"line":121,"column":34},"end":{"line":138,"column":5}},"locations":[{"start":{"line":121,"column":34},"end":{"line":138,"column":5}}]},"22":{"type":"branch","line":122,"loc":{"start":{"line":122,"column":17},"end":{"line":124,"column":5}},"locations":[{"start":{"line":122,"column":17},"end":{"line":124,"column":5}}]},"23":{"type":"branch","line":126,"loc":{"start":{"line":126,"column":27},"end":{"line":131,"column":11}},"locations":[{"start":{"line":126,"column":27},"end":{"line":131,"column":11}}]},"24":{"type":"branch","line":131,"loc":{"start":{"line":131,"column":4},"end":{"line":137,"column":5}},"locations":[{"start":{"line":131,"column":4},"end":{"line":137,"column":5}}]},"25":{"type":"branch","line":132,"loc":{"start":{"line":132,"column":32},"end":{"line":134,"column":17}},"locations":[{"start":{"line":132,"column":32},"end":{"line":134,"column":17}}]},"26":{"type":"branch","line":134,"loc":{"start":{"line":134,"column":6},"end":{"line":136,"column":7}},"locations":[{"start":{"line":134,"column":6},"end":{"line":136,"column":7}}]},"27":{"type":"branch","line":134,"loc":{"start":{"line":134,"column":49},"end":{"line":136,"column":7}},"locations":[{"start":{"line":134,"column":49},"end":{"line":136,"column":7}}]},"28":{"type":"branch","line":135,"loc":{"start":{"line":135,"column":24},"end":{"line":135,"column":45}},"locations":[{"start":{"line":135,"column":24},"end":{"line":135,"column":45}}]},"29":{"type":"branch","line":141,"loc":{"start":{"line":141,"column":35},"end":{"line":155,"column":5}},"locations":[{"start":{"line":141,"column":35},"end":{"line":155,"column":5}}]},"30":{"type":"branch","line":142,"loc":{"start":{"line":142,"column":17},"end":{"line":144,"column":5}},"locations":[{"start":{"line":142,"column":17},"end":{"line":144,"column":5}}]},"31":{"type":"branch","line":146,"loc":{"start":{"line":146,"column":27},"end":{"line":151,"column":15}},"locations":[{"start":{"line":146,"column":27},"end":{"line":151,"column":15}}]},"32":{"type":"branch","line":151,"loc":{"start":{"line":151,"column":16},"end":{"line":151,"column":62}},"locations":[{"start":{"line":151,"column":16},"end":{"line":151,"column":62}}]},"33":{"type":"branch","line":151,"loc":{"start":{"line":151,"column":62},"end":{"line":154,"column":5}},"locations":[{"start":{"line":151,"column":62},"end":{"line":154,"column":5}}]},"34":{"type":"branch","line":152,"loc":{"start":{"line":152,"column":22},"end":{"line":152,"column":40}},"locations":[{"start":{"line":152,"column":22},"end":{"line":152,"column":40}}]},"35":{"type":"branch","line":158,"loc":{"start":{"line":158,"column":36},"end":{"line":179,"column":5}},"locations":[{"start":{"line":158,"column":36},"end":{"line":179,"column":5}}]},"36":{"type":"branch","line":159,"loc":{"start":{"line":159,"column":17},"end":{"line":161,"column":5}},"locations":[{"start":{"line":159,"column":17},"end":{"line":161,"column":5}}]},"37":{"type":"branch","line":165,"loc":{"start":{"line":165,"column":32},"end":{"line":167,"column":15}},"locations":[{"start":{"line":165,"column":32},"end":{"line":167,"column":15}}]},"38":{"type":"branch","line":167,"loc":{"start":{"line":167,"column":4},"end":{"line":175,"column":5}},"locations":[{"start":{"line":167,"column":4},"end":{"line":175,"column":5}}]},"39":{"type":"branch","line":173,"loc":{"start":{"line":173,"column":4},"end":{"line":175,"column":5}},"locations":[{"start":{"line":173,"column":4},"end":{"line":175,"column":5}}]},"40":{"type":"branch","line":182,"loc":{"start":{"line":182,"column":32},"end":{"line":232,"column":5}},"locations":[{"start":{"line":182,"column":32},"end":{"line":232,"column":5}}]},"41":{"type":"branch","line":183,"loc":{"start":{"line":183,"column":32},"end":{"line":183,"column":64}},"locations":[{"start":{"line":183,"column":32},"end":{"line":183,"column":64}}]},"42":{"type":"branch","line":183,"loc":{"start":{"line":183,"column":64},"end":{"line":185,"column":5}},"locations":[{"start":{"line":183,"column":64},"end":{"line":185,"column":5}}]},"43":{"type":"branch","line":185,"loc":{"start":{"line":185,"column":4},"end":{"line":192,"column":25}},"locations":[{"start":{"line":185,"column":4},"end":{"line":192,"column":25}}]},"44":{"type":"branch","line":193,"loc":{"start":{"line":193,"column":8},"end":{"line":195,"column":15}},"locations":[{"start":{"line":193,"column":8},"end":{"line":195,"column":15}}]},"45":{"type":"branch","line":196,"loc":{"start":{"line":196,"column":8},"end":{"line":198,"column":15}},"locations":[{"start":{"line":196,"column":8},"end":{"line":198,"column":15}}]},"46":{"type":"branch","line":199,"loc":{"start":{"line":199,"column":8},"end":{"line":201,"column":15}},"locations":[{"start":{"line":199,"column":8},"end":{"line":201,"column":15}}]},"47":{"type":"branch","line":202,"loc":{"start":{"line":202,"column":8},"end":{"line":208,"column":15}},"locations":[{"start":{"line":202,"column":8},"end":{"line":208,"column":15}}]},"48":{"type":"branch","line":203,"loc":{"start":{"line":203,"column":29},"end":{"line":206,"column":11}},"locations":[{"start":{"line":203,"column":29},"end":{"line":206,"column":11}}]},"49":{"type":"branch","line":206,"loc":{"start":{"line":206,"column":10},"end":{"line":208,"column":15}},"locations":[{"start":{"line":206,"column":10},"end":{"line":208,"column":15}}]},"50":{"type":"branch","line":209,"loc":{"start":{"line":209,"column":8},"end":{"line":210,"column":21}},"locations":[{"start":{"line":209,"column":8},"end":{"line":210,"column":21}}]},"51":{"type":"branch","line":211,"loc":{"start":{"line":211,"column":6},"end":{"line":214,"column":29}},"locations":[{"start":{"line":211,"column":6},"end":{"line":214,"column":29}}]},"52":{"type":"branch","line":214,"loc":{"start":{"line":214,"column":29},"end":{"line":217,"column":7}},"locations":[{"start":{"line":214,"column":29},"end":{"line":217,"column":7}}]},"53":{"type":"branch","line":217,"loc":{"start":{"line":217,"column":6},"end":{"line":225,"column":55}},"locations":[{"start":{"line":217,"column":6},"end":{"line":225,"column":55}}]},"54":{"type":"branch","line":225,"loc":{"start":{"line":225,"column":51},"end":{"line":225,"column":94}},"locations":[{"start":{"line":225,"column":51},"end":{"line":225,"column":94}}]},"55":{"type":"branch","line":225,"loc":{"start":{"line":225,"column":85},"end":{"line":225,"column":95}},"locations":[{"start":{"line":225,"column":85},"end":{"line":225,"column":95}}]},"56":{"type":"branch","line":228,"loc":{"start":{"line":228,"column":4},"end":{"line":231,"column":5}},"locations":[{"start":{"line":228,"column":4},"end":{"line":231,"column":5}}]},"57":{"type":"branch","line":235,"loc":{"start":{"line":235,"column":37},"end":{"line":283,"column":5}},"locations":[{"start":{"line":235,"column":37},"end":{"line":283,"column":5}}]},"58":{"type":"branch","line":242,"loc":{"start":{"line":242,"column":15},"end":{"line":242,"column":34}},"locations":[{"start":{"line":242,"column":15},"end":{"line":242,"column":34}}]},"59":{"type":"branch","line":242,"loc":{"start":{"line":242,"column":34},"end":{"line":245,"column":5}},"locations":[{"start":{"line":242,"column":34},"end":{"line":245,"column":5}}]},"60":{"type":"branch","line":245,"loc":{"start":{"line":245,"column":4},"end":{"line":248,"column":18}},"locations":[{"start":{"line":245,"column":4},"end":{"line":248,"column":18}}]},"61":{"type":"branch","line":249,"loc":{"start":{"line":249,"column":6},"end":{"line":251,"column":13}},"locations":[{"start":{"line":249,"column":6},"end":{"line":251,"column":13}}]},"62":{"type":"branch","line":252,"loc":{"start":{"line":252,"column":6},"end":{"line":254,"column":13}},"locations":[{"start":{"line":252,"column":6},"end":{"line":254,"column":13}}]},"63":{"type":"branch","line":255,"loc":{"start":{"line":255,"column":6},"end":{"line":257,"column":13}},"locations":[{"start":{"line":255,"column":6},"end":{"line":257,"column":13}}]},"64":{"type":"branch","line":258,"loc":{"start":{"line":258,"column":6},"end":{"line":260,"column":13}},"locations":[{"start":{"line":258,"column":6},"end":{"line":260,"column":13}}]},"65":{"type":"branch","line":261,"loc":{"start":{"line":261,"column":6},"end":{"line":261,"column":15}},"locations":[{"start":{"line":261,"column":6},"end":{"line":261,"column":15}}]},"66":{"type":"branch","line":262,"loc":{"start":{"line":262,"column":6},"end":{"line":264,"column":13}},"locations":[{"start":{"line":262,"column":6},"end":{"line":264,"column":13}}]},"67":{"type":"branch","line":265,"loc":{"start":{"line":265,"column":6},"end":{"line":267,"column":13}},"locations":[{"start":{"line":265,"column":6},"end":{"line":267,"column":13}}]},"68":{"type":"branch","line":268,"loc":{"start":{"line":268,"column":6},"end":{"line":270,"column":13}},"locations":[{"start":{"line":268,"column":6},"end":{"line":270,"column":13}}]},"69":{"type":"branch","line":271,"loc":{"start":{"line":271,"column":6},"end":{"line":271,"column":23}},"locations":[{"start":{"line":271,"column":6},"end":{"line":271,"column":23}}]},"70":{"type":"branch","line":272,"loc":{"start":{"line":272,"column":6},"end":{"line":274,"column":13}},"locations":[{"start":{"line":272,"column":6},"end":{"line":274,"column":13}}]},"71":{"type":"branch","line":275,"loc":{"start":{"line":275,"column":4},"end":{"line":278,"column":23}},"locations":[{"start":{"line":275,"column":4},"end":{"line":278,"column":23}}]},"72":{"type":"branch","line":278,"loc":{"start":{"line":278,"column":23},"end":{"line":280,"column":15}},"locations":[{"start":{"line":278,"column":23},"end":{"line":280,"column":15}}]},"73":{"type":"branch","line":280,"loc":{"start":{"line":280,"column":4},"end":{"line":282,"column":5}},"locations":[{"start":{"line":280,"column":4},"end":{"line":282,"column":5}}]},"74":{"type":"branch","line":280,"loc":{"start":{"line":280,"column":31},"end":{"line":282,"column":5}},"locations":[{"start":{"line":280,"column":31},"end":{"line":282,"column":5}}]},"75":{"type":"branch","line":286,"loc":{"start":{"line":286,"column":12},"end":{"line":291,"column":5}},"locations":[{"start":{"line":286,"column":12},"end":{"line":291,"column":5}}]},"76":{"type":"branch","line":288,"loc":{"start":{"line":288,"column":11},"end":{"line":290,"column":5}},"locations":[{"start":{"line":288,"column":11},"end":{"line":290,"column":5}}]},"77":{"type":"branch","line":294,"loc":{"start":{"line":294,"column":30},"end":{"line":300,"column":3}},"locations":[{"start":{"line":294,"column":30},"end":{"line":300,"column":3}}]},"78":{"type":"branch","line":295,"loc":{"start":{"line":295,"column":26},"end":{"line":295,"column":44}},"locations":[{"start":{"line":295,"column":26},"end":{"line":295,"column":44}}]},"79":{"type":"branch","line":295,"loc":{"start":{"line":295,"column":44},"end":{"line":298,"column":5}},"locations":[{"start":{"line":295,"column":44},"end":{"line":298,"column":5}}]},"80":{"type":"branch","line":298,"loc":{"start":{"line":298,"column":4},"end":{"line":299,"column":13}},"locations":[{"start":{"line":298,"column":4},"end":{"line":299,"column":13}}]}},"b":{"0":[313],"1":[120],"2":[0],"3":[1],"4":[119],"5":[19],"6":[119],"7":[13],"8":[0],"9":[119],"10":[116],"11":[5],"12":[4],"13":[5],"14":[1],"15":[6],"16":[0],"17":[4],"18":[0],"19":[1],"20":[2],"21":[178],"22":[1],"23":[27],"24":[151],"25":[43],"26":[108],"27":[105],"28":[105],"29":[9],"30":[0],"31":[0],"32":[8],"33":[8],"34":[8],"35":[31],"36":[0],"37":[27],"38":[4],"39":[0],"40":[30],"41":[29],"42":[1],"43":[29],"44":[11],"45":[5],"46":[6],"47":[7],"48":[5],"49":[2],"50":[0],"51":[24],"52":[0],"53":[24],"54":[2],"55":[22],"56":[0],"57":[204],"58":[176],"59":[147],"60":[57],"61":[9],"62":[3],"63":[4],"64":[5],"65":[20],"66":[20],"67":[7],"68":[2],"69":[5],"70":[5],"71":[57],"72":[0],"73":[57],"74":[0],"75":[308],"76":[308],"77":[313],"78":[92],"79":[92],"80":[221]},"fnMap":{"0":{"name":"Calculator","decl":{"start":{"line":6,"column":19},"end":{"line":336,"column":1}},"loc":{"start":{"line":6,"column":19},"end":{"line":336,"column":1}},"line":6},"1":{"name":"getOperationDisplay","decl":{"start":{"line":294,"column":30},"end":{"line":300,"column":3}},"loc":{"start":{"line":294,"column":30},"end":{"line":300,"column":3}},"line":294}},"f":{"0":313,"1":313}}
,"/home/monaco/codecrypto/demo-vanilla-calculator/demo-react-calculator/src/components/CalculatorButtons.jsx": {"path":"/home/monaco/codecrypto/demo-vanilla-calculator/demo-react-calculator/src/components/CalculatorButtons.jsx","all":false,"statementMap":{"0":{"start":{"line":1,"column":0},"end":{"line":1,"column":25}},"1":{"start":{"line":2,"column":0},"end":{"line":2,"column":29}},"3":{"start":{"line":4,"column":0},"end":{"line":4,"column":82}},"4":{"start":{"line":5,"column":0},"end":{"line":5,"column":24}},"6":{"start":{"line":7,"column":0},"end":{"line":7,"column":76}},"7":{"start":{"line":8,"column":0},"end":{"line":8,"column":85}},"8":{"start":{"line":9,"column":0},"end":{"line":9,"column":98}},"9":{"start":{"line":10,"column":0},"end":{"line":10,"column":73}},"12":{"start":{"line":13,"column":0},"end":{"line":13,"column":68}},"13":{"start":{"line":14,"column":0},"end":{"line":14,"column":68}},"14":{"start":{"line":15,"column":0},"end":{"line":15,"column":67}},"15":{"start":{"line":16,"column":0},"end":{"line":16,"column":75}},"18":{"start":{"line":19,"column":0},"end":{"line":19,"column":67}},"19":{"start":{"line":20,"column":0},"end":{"line":20,"column":67}},"20":{"start":{"line":21,"column":0},"end":{"line":21,"column":66}},"21":{"start":{"line":22,"column":0},"end":{"line":22,"column":75}},"24":{"start":{"line":25,"column":0},"end":{"line":25,"column":66}},"25":{"start":{"line":26,"column":0},"end":{"line":26,"column":66}},"26":{"start":{"line":27,"column":0},"end":{"line":27,"column":68}},"27":{"start":{"line":28,"column":0},"end":{"line":28,"column":70}},"30":{"start":{"line":31,"column":0},"end":{"line":31,"column":81}},"31":{"start":{"line":32,"column":0},"end":{"line":32,"column":82}},"32":{"start":{"line":33,"column":0},"end":{"line":33,"column":89}},"33":{"start":{"line":34,"column":0},"end":{"line":34,"column":3}},"35":{"start":{"line":36,"column":0},"end":{"line":36,"column":35}},"36":{"start":{"line":37,"column":0},"end":{"line":37,"column":26}},"37":{"start":{"line":38,"column":0},"end":{"line":38,"column":20}},"38":{"start":{"line":39,"column":0},"end":{"line":39,"column":36}},"39":{"start":{"line":40,"column":0},"end":{"line":40,"column":13}},"40":{"start":{"line":41,"column":0},"end":{"line":41,"column":22}},"41":{"start":{"line":42,"column":0},"end":{"line":42,"column":40}},"42":{"start":{"line":43,"column":0},"end":{"line":43,"column":13}},"43":{"start":{"line":44,"column":0},"end":{"line":44,"column":20}},"44":{"start":{"line":45,"column":0},"end":{"line":45,"column":38}},"45":{"start":{"line":46,"column":0},"end":{"line":46,"column":13}},"46":{"start":{"line":47,"column":0},"end":{"line":47,"column":5}},"47":{"start":{"line":48,"column":0},"end":{"line":48,"column":3}},"49":{"start":{"line":50,"column":0},"end":{"line":50,"column":10}},"50":{"start":{"line":51,"column":0},"end":{"line":51,"column":83}},"51":{"start":{"line":52,"column":0},"end":{"line":52,"column":44}},"52":{"start":{"line":53,"column":0},"end":{"line":53,"column":15}},"53":{"start":{"line":54,"column":0},"end":{"line":54,"column":21}},"54":{"start":{"line":55,"column":0},"end":{"line":55,"column":21}},"55":{"start":{"line":56,"column":0},"end":{"line":56,"column":45}},"56":{"start":{"line":57,"column":0},"end":{"line":57,"column":10}},"57":{"start":{"line":58,"column":0},"end":{"line":58,"column":9}},"58":{"start":{"line":59,"column":0},"end":{"line":59,"column":10}},"60":{"start":{"line":61,"column":0},"end":{"line":61,"column":1}},"62":{"start":{"line":63,"column":0},"end":{"line":63,"column":32}}},"s":{"0":1,"1":1,"3":1,"4":324,"6":324,"7":324,"8":324,"9":324,"12":324,"13":324,"14":324,"15":324,"18":324,"19":324,"20":324,"21":324,"24":324,"25":324,"26":324,"27":324,"30":324,"31":324,"32":324,"33":324,"35":324,"36":60,"37":60,"38":32,"39":32,"40":60,"41":11,"42":11,"43":60,"44":17,"45":17,"46":60,"47":60,"49":324,"50":324,"51":324,"52":6156,"53":6156,"54":6156,"55":6156,"56":6156,"57":324,"58":324,"60":324,"62":1},"branchMap":{"0":{"type":"branch","line":4,"loc":{"start":{"line":4,"column":26},"end":{"line":61,"column":1}},"locations":[{"start":{"line":4,"column":26},"end":{"line":61,"column":1}}]},"1":{"type":"branch","line":36,"loc":{"start":{"line":36,"column":22},"end":{"line":48,"column":3}},"locations":[{"start":{"line":36,"column":22},"end":{"line":48,"column":3}}]},"2":{"type":"branch","line":38,"loc":{"start":{"line":38,"column":6},"end":{"line":40,"column":13}},"locations":[{"start":{"line":38,"column":6},"end":{"line":40,"column":13}}]},"3":{"type":"branch","line":41,"loc":{"start":{"line":41,"column":6},"end":{"line":43,"column":13}},"locations":[{"start":{"line":41,"column":6},"end":{"line":43,"column":13}}]},"4":{"type":"branch","line":44,"loc":{"start":{"line":44,"column":6},"end":{"line":46,"column":13}},"locations":[{"start":{"line":44,"column":6},"end":{"line":46,"column":13}}]},"5":{"type":"branch","line":52,"loc":{"start":{"line":52,"column":24},"end":{"line":57,"column":10}},"locations":[{"start":{"line":52,"column":24},"end":{"line":57,"column":10}}]},"6":{"type":"branch","line":56,"loc":{"start":{"line":56,"column":19},"end":{"line":56,"column":45}},"locations":[{"start":{"line":56,"column":19},"end":{"line":56,"column":45}}]}},"b":{"0":[324],"1":[60],"2":[32],"3":[11],"4":[17],"5":[6156],"6":[60]},"fnMap":{"0":{"name":"CalculatorButtons","decl":{"start":{"line":4,"column":26},"end":{"line":61,"column":1}},"loc":{"start":{"line":4,"column":26},"end":{"line":61,"column":1}},"line":4},"1":{"name":"handleClick","decl":{"start":{"line":36,"column":22},"end":{"line":48,"column":3}},"loc":{"start":{"line":36,"column":22},"end":{"line":48,"column":3}},"line":36},"2":{"name":"onClick","decl":{"start":{"line":56,"column":19},"end":{"line":56,"column":45}},"loc":{"start":{"line":56,"column":19},"end":{"line":56,"column":45}},"line":56}},"f":{"0":324,"1":60,"2":60}}
,"/home/monaco/codecrypto/demo-vanilla-calculator/demo-react-calculator/src/components/CalculatorDisplay.jsx": {"path":"/home/monaco/codecrypto/demo-vanilla-calculator/demo-react-calculator/src/components/CalculatorDisplay.jsx","all":false,"statementMap":{"0":{"start":{"line":1,"column":0},"end":{"line":1,"column":48}},"2":{"start":{"line":3,"column":0},"end":{"line":3,"column":76}},"3":{"start":{"line":4,"column":0},"end":{"line":4,"column":33}},"4":{"start":{"line":5,"column":0},"end":{"line":5,"column":33}},"7":{"start":{"line":8,"column":0},"end":{"line":8,"column":19}},"8":{"start":{"line":9,"column":0},"end":{"line":9,"column":64}},"9":{"start":{"line":10,"column":0},"end":{"line":10,"column":56}},"10":{"start":{"line":11,"column":0},"end":{"line":11,"column":54}},"11":{"start":{"line":12,"column":0},"end":{"line":12,"column":54}},"12":{"start":{"line":13,"column":0},"end":{"line":13,"column":40}},"13":{"start":{"line":14,"column":0},"end":{"line":14,"column":45}},"15":{"start":{"line":16,"column":0},"end":{"line":16,"column":45}},"18":{"start":{"line":19,"column":0},"end":{"line":19,"column":31}},"19":{"start":{"line":20,"column":0},"end":{"line":20,"column":40}},"20":{"start":{"line":21,"column":0},"end":{"line":21,"column":7}},"22":{"start":{"line":23,"column":0},"end":{"line":23,"column":45}},"23":{"start":{"line":24,"column":0},"end":{"line":24,"column":103}},"24":{"start":{"line":25,"column":0},"end":{"line":25,"column":49}},"25":{"start":{"line":26,"column":0},"end":{"line":26,"column":9}},"26":{"start":{"line":27,"column":0},"end":{"line":27,"column":14}},"27":{"start":{"line":28,"column":0},"end":{"line":28,"column":5}},"30":{"start":{"line":31,"column":0},"end":{"line":31,"column":18}},"31":{"start":{"line":32,"column":0},"end":{"line":32,"column":31}},"32":{"start":{"line":33,"column":0},"end":{"line":33,"column":40}},"33":{"start":{"line":34,"column":0},"end":{"line":34,"column":7}},"34":{"start":{"line":35,"column":0},"end":{"line":35,"column":5}},"35":{"start":{"line":36,"column":0},"end":{"line":36,"column":20}},"37":{"start":{"line":38,"column":0},"end":{"line":38,"column":10}},"38":{"start":{"line":39,"column":0},"end":{"line":39,"column":39}},"39":{"start":{"line":40,"column":0},"end":{"line":40,"column":11}},"40":{"start":{"line":41,"column":0},"end":{"line":41,"column":28}},"41":{"start":{"line":42,"column":0},"end":{"line":42,"column":23}},"42":{"start":{"line":43,"column":0},"end":{"line":43,"column":40}},"43":{"start":{"line":44,"column":0},"end":{"line":44,"column":20}},"44":{"start":{"line":45,"column":0},"end":{"line":45,"column":24}},"46":{"start":{"line":47,"column":0},"end":{"line":47,"column":14}},"47":{"start":{"line":48,"column":0},"end":{"line":48,"column":62}},"48":{"start":{"line":49,"column":0},"end":{"line":49,"column":18}},"49":{"start":{"line":50,"column":0},"end":{"line":50,"column":44}},"50":{"start":{"line":51,"column":0},"end":{"line":51,"column":44}},"51":{"start":{"line":52,"column":0},"end":{"line":52,"column":12}},"53":{"start":{"line":54,"column":0},"end":{"line":54,"column":24}},"54":{"start":{"line":55,"column":0},"end":{"line":55,"column":15}},"55":{"start":{"line":56,"column":0},"end":{"line":56,"column":12}},"56":{"start":{"line":57,"column":0},"end":{"line":57,"column":74}},"57":{"start":{"line":58,"column":0},"end":{"line":58,"column":26}},"58":{"start":{"line":59,"column":0},"end":{"line":59,"column":12}},"59":{"start":{"line":60,"column":0},"end":{"line":60,"column":10}},"61":{"start":{"line":62,"column":0},"end":{"line":62,"column":1}},"63":{"start":{"line":64,"column":0},"end":{"line":64,"column":32}}},"s":{"0":1,"2":1,"3":320,"4":320,"7":320,"8":278,"9":278,"10":278,"11":278,"12":278,"13":278,"15":278,"18":278,"19":216,"20":216,"22":278,"23":6,"24":6,"25":6,"26":278,"27":278,"30":278,"31":278,"32":278,"33":278,"34":278,"35":320,"37":320,"38":320,"39":320,"40":320,"41":320,"42":320,"43":320,"44":320,"46":320,"47":320,"48":320,"49":320,"50":320,"51":320,"53":320,"54":320,"55":320,"56":320,"57":320,"58":320,"59":320,"61":320,"63":1},"branchMap":{"0":{"type":"branch","line":3,"loc":{"start":{"line":3,"column":26},"end":{"line":62,"column":1}},"locations":[{"start":{"line":3,"column":26},"end":{"line":62,"column":1}}]},"1":{"type":"branch","line":48,"loc":{"start":{"line":48,"column":37},"end":{"line":48,"column":57}},"locations":[{"start":{"line":48,"column":37},"end":{"line":48,"column":57}}]},"2":{"type":"branch","line":48,"loc":{"start":{"line":48,"column":47},"end":{"line":48,"column":59}},"locations":[{"start":{"line":48,"column":47},"end":{"line":48,"column":59}}]},"3":{"type":"branch","line":50,"loc":{"start":{"line":50,"column":19},"end":{"line":50,"column":41}},"locations":[{"start":{"line":50,"column":19},"end":{"line":50,"column":41}}]},"4":{"type":"branch","line":50,"loc":{"start":{"line":50,"column":29},"end":{"line":50,"column":44}},"locations":[{"start":{"line":50,"column":29},"end":{"line":50,"column":44}}]},"5":{"type":"branch","line":51,"loc":{"start":{"line":51,"column":24},"end":{"line":51,"column":42}},"locations":[{"start":{"line":51,"column":24},"end":{"line":51,"column":42}}]},"6":{"type":"branch","line":51,"loc":{"start":{"line":51,"column":34},"end":{"line":51,"column":44}},"locations":[{"start":{"line":51,"column":34},"end":{"line":51,"column":44}}]},"7":{"type":"branch","line":8,"loc":{"start":{"line":8,"column":12},"end":{"line":36,"column":5}},"locations":[{"start":{"line":8,"column":12},"end":{"line":36,"column":5}}]},"8":{"type":"branch","line":19,"loc":{"start":{"line":19,"column":30},"end":{"line":21,"column":7}},"locations":[{"start":{"line":19,"column":30},"end":{"line":21,"column":7}}]},"9":{"type":"branch","line":23,"loc":{"start":{"line":23,"column":38},"end":{"line":27,"column":9}},"locations":[{"start":{"line":23,"column":38},"end":{"line":27,"column":9}}]},"10":{"type":"branch","line":31,"loc":{"start":{"line":31,"column":11},"end":{"line":35,"column":5}},"locations":[{"start":{"line":31,"column":11},"end":{"line":35,"column":5}}]}},"b":{"0":[320],"1":[6],"2":[314],"3":[6],"4":[314],"5":[6],"6":[314],"7":[278],"8":[216],"9":[6],"10":[278]},"fnMap":{"0":{"name":"CalculatorDisplay","decl":{"start":{"line":3,"column":26},"end":{"line":62,"column":1}},"loc":{"start":{"line":3,"column":26},"end":{"line":62,"column":1}},"line":3}},"f":{"0":320}}
,"/home/monaco/codecrypto/demo-vanilla-calculator/demo-react-calculator/src/components/ThemeToggle.jsx": {"path":"/home/monaco/codecrypto/demo-vanilla-calculator/demo-react-calculator/src/components/ThemeToggle.jsx","all":false,"statementMap":{"0":{"start":{"line":1,"column":0},"end":{"line":1,"column":25}},"2":{"start":{"line":3,"column":0},"end":{"line":3,"column":46}},"3":{"start":{"line":4,"column":0},"end":{"line":4,"column":51}},"5":{"start":{"line":6,"column":0},"end":{"line":6,"column":10}},"6":{"start":{"line":7,"column":0},"end":{"line":7,"column":12}},"7":{"start":{"line":8,"column":0},"end":{"line":8,"column":35}},"8":{"start":{"line":9,"column":0},"end":{"line":9,"column":24}},"9":{"start":{"line":10,"column":0},"end":{"line":10,"column":41}},"10":{"start":{"line":11,"column":0},"end":{"line":11,"column":26}},"11":{"start":{"line":12,"column":0},"end":{"line":12,"column":19}},"13":{"start":{"line":14,"column":0},"end":{"line":14,"column":53}},"14":{"start":{"line":15,"column":0},"end":{"line":15,"column":13}},"16":{"start":{"line":17,"column":0},"end":{"line":17,"column":1}},"18":{"start":{"line":19,"column":0},"end":{"line":19,"column":26}}},"s":{"0":1,"2":1,"3":317,"5":317,"6":317,"7":317,"8":317,"9":317,"10":317,"11":317,"13":317,"14":317,"16":317,"18":1},"branchMap":{"0":{"type":"branch","line":3,"loc":{"start":{"line":3,"column":20},"end":{"line":17,"column":1}},"locations":[{"start":{"line":3,"column":20},"end":{"line":17,"column":1}}]},"1":{"type":"branch","line":4,"loc":{"start":{"line":4,"column":30},"end":{"line":4,"column":47}},"locations":[{"start":{"line":4,"column":30},"end":{"line":4,"column":47}}]},"2":{"type":"branch","line":4,"loc":{"start":{"line":4,"column":40},"end":{"line":4,"column":51}},"locations":[{"start":{"line":4,"column":40},"end":{"line":4,"column":51}}]}},"b":{"0":[317],"1":[309],"2":[8]},"fnMap":{"0":{"name":"ThemeToggle","decl":{"start":{"line":3,"column":20},"end":{"line":17,"column":1}},"loc":{"start":{"line":3,"column":20},"end":{"line":17,"column":1}},"line":3}},"f":{"0":317}}
}
